* using log directory ‘/Users/serhiizabolotnii/Projects/EstemPMM/EstemPMM.Rcheck’
* using R version 4.5.2 (2025-10-31)
* using platform: aarch64-apple-darwin24.4.0
* R was compiled by
    Apple clang version 17.0.0 (clang-1700.0.13.3)
    GNU Fortran (Homebrew GCC 15.2.0) 15.2.0
* running under: macOS Sequoia 15.6.1
* using session charset: UTF-8
* using options ‘--no-manual --no-build-vignettes’
* checking for file ‘EstemPMM/DESCRIPTION’ ... OK
* checking extension type ... Package
* this is package ‘EstemPMM’ version ‘0.2.0’
* package encoding: UTF-8
* checking package namespace information ... OK
* checking package dependencies ... OK
* checking if this is a source package ... OK
* checking if there is a namespace ... OK
* checking for executable files ... OK
* checking for hidden files and directories ... OK
* checking for portable file names ... OK
* checking for sufficient/correct file permissions ... OK
* checking whether package ‘EstemPMM’ can be installed ... WARNING
Found the following significant warnings:
  Note: possible error in 'estpmm_style_ma(x, q = q, ': unused argument (tol = tol) 
  Note: possible error in 'estpmm_style_sma(x, Q = Q, ': unused argument (tol = tol) 
  Note: possible error in 'estpmm_style_ma_sma(x, ': unused argument (tol = tol) 
See ‘/Users/serhiizabolotnii/Projects/EstemPMM/EstemPMM.Rcheck/00install.out’ for details.
Information on the location(s) of code generating the ‘Note’s can be
obtained by re-running with environment variable R_KEEP_PKG_SOURCE set
to ‘yes’.
* checking installed package size ... OK
* checking package directory ... OK
* checking ‘build’ directory ... OK
* checking DESCRIPTION meta-information ... OK
* checking top-level files ... OK
* checking for left-over files ... OK
* checking index information ... OK
* checking package subdirectories ... OK
* checking code files for non-ASCII characters ... WARNING
Found the following file with non-ASCII characters:
  R/optimized_direct_pmm2.R
Portable packages must use only ASCII characters in their R code and
NAMESPACE directives, except perhaps in comments.
Use \uxxxx escapes for other characters.
Function ‘tools::showNonASCIIfile’ can help in finding non-ASCII
characters in files.
* checking R files for syntax errors ... OK
* checking whether the package can be loaded ... OK
* checking whether the package can be loaded with stated dependencies ... OK
* checking whether the package can be unloaded cleanly ... OK
* checking whether the namespace can be loaded with stated dependencies ... OK
* checking whether the namespace can be unloaded cleanly ... OK
* checking loading without being on the library search path ... OK
* checking dependencies in R code ... OK
* checking S3 generic/method consistency ... OK
* checking replacement functions ... OK
* checking foreign function calls ... OK
* checking R code for possible problems ... NOTE
linearized_pmm2_wrapper: possible error in estpmm_style_ma(x, q = q,
  include.mean = include.mean, max_iter = max_iter, tol = tol, verbose
  = verbose): unused argument (tol = tol)
linearized_pmm2_wrapper: possible error in estpmm_style_sma(x, Q = Q, s
  = s, include.mean = include.mean, max_iter = max_iter, tol = tol,
  verbose = verbose): unused argument (tol = tol)
linearized_pmm2_wrapper: possible error in estpmm_style_ma_sma(x, q =
  q, Q = Q, s = s, include.mean = include.mean, max_iter = max_iter,
  tol = tol, verbose = verbose): unused argument (tol = tol)
* checking Rd files ... OK
* checking Rd metadata ... OK
* checking Rd cross-references ... WARNING
Missing link(s) in Rd file 'pmm2_nonlinear_iterative.Rd':
  ‘i,j’

Missing link(s) in Rd file 'solve_pmm2_step.Rd':
  ‘i, j’

See section 'Cross-references' in the 'Writing R Extensions' manual.
* checking for missing documentation entries ... OK
* checking for code/documentation mismatches ... OK
* checking Rd \usage sections ... WARNING
Undocumented arguments in Rd file 'sarima_pmm2.Rd'
  ‘multiplicative’

Functions with \usage entries need to have the appropriate \alias
entries, and all their arguments documented.
The \usage entries must correspond to syntactically valid R code.
See chapter ‘Writing R documentation files’ in the ‘Writing R
Extensions’ manual.
* checking Rd contents ... OK
* checking for unstated dependencies in examples ... OK
* checking contents of ‘data’ directory ... OK
* checking data for non-ASCII characters ... OK
* checking LazyData ... OK
* checking data for ASCII and uncompressed saves ... OK
* checking installed files from ‘inst/doc’ ... OK
* checking files in ‘vignettes’ ... OK
* checking examples ... OK
* checking for unstated dependencies in ‘tests’ ... OK
* checking tests ... OK
  Running ‘testthat.R’
* checking for unstated dependencies in vignettes ... OK
* checking package vignettes ... OK
* checking running R code from vignettes ... OK
  ‘bootstrap_inference.Rmd’ using ‘UTF-8’... OK
  ‘pmm2_introduction.Rmd’ using ‘UTF-8’... OK
  ‘pmm2_time_series.Rmd’ using ‘UTF-8’... OK
* checking re-building of vignette outputs ... SKIPPED
* DONE
Status: 4 WARNINGs, 1 NOTE
