Hmm ... looks like a package
Converting parsed Rd's to LaTeX .............
Creating pdf output from LaTeX ...
This is pdfTeX, Version 3.141592653-2.6-1.40.27 (TeX Live 2025) (preloaded format=pdflatex)
 restricted \write18 enabled.
entering extended mode
(./Rd2.tex
LaTeX2e <2024-11-01> patch level 2
L3 programming layer <2025-01-18>

(/usr/local/texlive/2025/texmf-dist/tex/latex/base/book.cls
Document Class: book 2024/06/29 v1.4n Standard LaTeX document class
(/usr/local/texlive/2025/texmf-dist/tex/latex/base/bk10.clo))
(/opt/homebrew/Cellar/r/4.5.2_1/lib/R/share/texmf/tex/latex/Rd.sty
(/usr/local/texlive/2025/texmf-dist/tex/latex/base/ifthen.sty)
(/usr/local/texlive/2025/texmf-dist/tex/generic/iftex/iftex.sty)
(/usr/local/texlive/2025/texmf-dist/tex/latex/tools/longtable.sty)
(/usr/local/texlive/2025/texmf-dist/tex/latex/tools/bm.sty)
(/usr/local/texlive/2025/texmf-dist/tex/latex/base/alltt.sty)
(/usr/local/texlive/2025/texmf-dist/tex/latex/tools/verbatim.sty)
(/usr/local/texlive/2025/texmf-dist/tex/latex/url/url.sty)
(/usr/local/texlive/2025/texmf-dist/tex/latex/base/textcomp.sty)
(/usr/local/texlive/2025/texmf-dist/tex/latex/amsmath/amsmath.sty
For additional information on amsmath, use the `?' option.
(/usr/local/texlive/2025/texmf-dist/tex/latex/amsmath/amstext.sty
(/usr/local/texlive/2025/texmf-dist/tex/latex/amsmath/amsgen.sty))
(/usr/local/texlive/2025/texmf-dist/tex/latex/amsmath/amsbsy.sty)
(/usr/local/texlive/2025/texmf-dist/tex/latex/amsmath/amsopn.sty))
(/usr/local/texlive/2025/texmf-dist/tex/latex/amsfonts/amsfonts.sty)
(/usr/local/texlive/2025/texmf-dist/tex/latex/amsfonts/amssymb.sty)
(/usr/local/texlive/2025/texmf-dist/tex/latex/jknapltx/mathrsfs.sty)
(/usr/local/texlive/2025/texmf-dist/tex/latex/base/fontenc.sty)
(/usr/local/texlive/2025/texmf-dist/tex/latex/psnfss/times.sty)
(/usr/local/texlive/2025/texmf-dist/tex/latex/inconsolata/zi4.sty
`inconsolata-zi4' v1.12, 2019/05/17 Text macros for Inconsolata (msharpe)
(/usr/local/texlive/2025/texmf-dist/tex/latex/xkeyval/xkeyval.sty
(/usr/local/texlive/2025/texmf-dist/tex/generic/xkeyval/xkeyval.tex
(/usr/local/texlive/2025/texmf-dist/tex/generic/xkeyval/xkvutils.tex
(/usr/local/texlive/2025/texmf-dist/tex/generic/xkeyval/keyval.tex)))))
(/usr/local/texlive/2025/texmf-dist/tex/latex/graphics/color.sty
(/usr/local/texlive/2025/texmf-dist/tex/latex/graphics-cfg/color.cfg)
(/usr/local/texlive/2025/texmf-dist/tex/latex/graphics-def/pdftex.def)
(/usr/local/texlive/2025/texmf-dist/tex/latex/graphics/mathcolor.ltx))
(/usr/local/texlive/2025/texmf-dist/tex/latex/hyperref/hyperref.sty
(/usr/local/texlive/2025/texmf-dist/tex/latex/kvsetkeys/kvsetkeys.sty)
(/usr/local/texlive/2025/texmf-dist/tex/generic/kvdefinekeys/kvdefinekeys.sty)
(/usr/local/texlive/2025/texmf-dist/tex/generic/pdfescape/pdfescape.sty
(/usr/local/texlive/2025/texmf-dist/tex/generic/ltxcmds/ltxcmds.sty)
(/usr/local/texlive/2025/texmf-dist/tex/generic/pdftexcmds/pdftexcmds.sty
(/usr/local/texlive/2025/texmf-dist/tex/generic/infwarerr/infwarerr.sty)))
(/usr/local/texlive/2025/texmf-dist/tex/latex/hycolor/hycolor.sty)
(/usr/local/texlive/2025/texmf-dist/tex/latex/hyperref/nameref.sty
(/usr/local/texlive/2025/texmf-dist/tex/latex/refcount/refcount.sty)
(/usr/local/texlive/2025/texmf-dist/tex/generic/gettitlestring/gettitlestring.s
ty (/usr/local/texlive/2025/texmf-dist/tex/latex/kvoptions/kvoptions.sty)))
(/usr/local/texlive/2025/texmf-dist/tex/latex/etoolbox/etoolbox.sty)
(/usr/local/texlive/2025/texmf-dist/tex/generic/stringenc/stringenc.sty)
(/usr/local/texlive/2025/texmf-dist/tex/latex/hyperref/pd1enc.def)
(/usr/local/texlive/2025/texmf-dist/tex/generic/intcalc/intcalc.sty)
(/usr/local/texlive/2025/texmf-dist/tex/latex/hyperref/puenc.def)
(/usr/local/texlive/2025/texmf-dist/tex/generic/bitset/bitset.sty
(/usr/local/texlive/2025/texmf-dist/tex/generic/bigintcalc/bigintcalc.sty))
(/usr/local/texlive/2025/texmf-dist/tex/latex/base/atbegshi-ltx.sty))
(/usr/local/texlive/2025/texmf-dist/tex/latex/hyperref/hpdftex.def
(/usr/local/texlive/2025/texmf-dist/tex/latex/base/atveryend-ltx.sty)
(/usr/local/texlive/2025/texmf-dist/tex/latex/rerunfilecheck/rerunfilecheck.sty

(/usr/local/texlive/2025/texmf-dist/tex/generic/uniquecounter/uniquecounter.sty
)))) (/usr/local/texlive/2025/texmf-dist/tex/latex/base/makeidx.sty)
Writing index file Rd2.idx
(/usr/local/texlive/2025/texmf-dist/tex/latex/psnfss/t1ptm.fd)
(/usr/local/texlive/2025/texmf-dist/tex/latex/l3backend/l3backend-pdftex.def)
No file Rd2.aux.
(/usr/local/texlive/2025/texmf-dist/tex/context/base/mkii/supp-pdf.mkii
[Loading MPS to PDF converter (version 2006.09.02).]
) (/usr/local/texlive/2025/texmf-dist/tex/latex/psnfss/ts1ptm.fd)
(/usr/local/texlive/2025/texmf-dist/tex/latex/inconsolata/t1zi4.fd)
(/usr/local/texlive/2025/texmf-dist/tex/latex/amsfonts/umsa.fd)
(/usr/local/texlive/2025/texmf-dist/tex/latex/amsfonts/umsb.fd)
(/usr/local/texlive/2025/texmf-dist/tex/latex/jknapltx/ursfs.fd)
No file Rd2.toc.

[1{/usr/local/texlive/2025/texmf-var/fonts/map/pdftex/updmap/pdftex.map}{/usr/l
ocal/texlive/2025/texmf-dist/fonts/enc/dvips/base/8r.enc}{/usr/local/texlive/20
25/texmf-dist/fonts/enc/dvips/inconsolata/i4-t1-0.enc}]
[2]
[3]
[4]
[5]
[6]
[7] (/usr/local/texlive/2025/texmf-dist/tex/latex/inconsolata/ts1zi4.fd)
[8{/usr/local/texlive/2025/texmf-dist/fonts/enc/dvips/inconsolata/i4-ts1.enc}]
[9]
Overfull \hbox (36.14757pt too wide) in paragraph at lines 560--564
[]\T1/ptm/m/n/10 Character string spec-i-fy-ing PMM2 im-ple-men-ta-tion vari-an
t. Op-tions: []\T1/zi4/m/n/10 "unified_global"

[10]
[11]
[12]
[13]
Overfull \hbox (36.14757pt too wide) in paragraph at lines 770--774
[]\T1/ptm/m/n/10 Character string spec-i-fy-ing PMM2 im-ple-men-ta-tion vari-an
t. Op-tions: []\T1/zi4/m/n/10 "unified_global"

[14]
[15]
[16]
[17]
Overfull \hbox (36.14757pt too wide) in paragraph at lines 968--972
[]\T1/ptm/m/n/10 Character string spec-i-fy-ing PMM2 im-ple-men-ta-tion vari-an
t. Op-tions: []\T1/zi4/m/n/10 "unified_global"

[18]
[19]
[20]
[21]
[22]
[23]
[24]
[25]
[26]
[27]
[28]
[29]
[30]
[31]
[32]
[33]
Overfull \hbox (26.23781pt too wide) detected at line 1865
\OML/cmm/m/it/10 y[] \OT1/cmr/m/n/10 = \OML/cmm/m/it/10 ^^^[]y[] \OT1/cmr/m/n/1
0 + [] + \OML/cmm/m/it/10 ^^^[]y[] \OT1/cmr/m/n/10 + ^^H[]\OML/cmm/m/it/10 y[] 
\OT1/cmr/m/n/10 + [] + ^^H[]\OML/cmm/m/it/10 y[] \OT1/cmr/m/n/10 + \OML/cmm/m/i
t/10 ^^R[]^^O[] \OT1/cmr/m/n/10 + [] + \OML/cmm/m/it/10 ^^R[]^^O[] \OT1/cmr/m/n
/10 + ^^B[]\OML/cmm/m/it/10 ^^O[] \OT1/cmr/m/n/10 + [] + ^^B[]\OML/cmm/m/it/10 
^^O[] \OT1/cmr/m/n/10 + \OML/cmm/m/it/10 ^^O[]:

[34]
[35]
[36]
Overfull \hbox (4.46683pt too wide) in paragraph at lines 2074--2078
\T1/ptm/m/n/10 Method for Es-ti-ma-tion Pa-ram-e-ters of Au-tore-gres-sive Mod-
els with Asym-met-ric In-no-va-tions. Springer

[37]
[38]
[39]
[40]
[41]
[42]
[43]
[44]
[45]
[46]
[47]
[48]
[49]
[50]
Overfull \hbox (36.14757pt too wide) in paragraph at lines 2806--2810
[]\T1/ptm/m/n/10 Character string spec-i-fy-ing PMM2 im-ple-men-ta-tion vari-an
t. Op-tions: []\T1/zi4/m/n/10 "unified_global"

Overfull \hbox (2.12851pt too wide) in paragraph at lines 2837--2840
[]\T1/zi4/m/n/10 "linearized"[]\T1/ptm/m/n/10 : Uses first-order Tay-lor ex-pan
-sion around MLE. \T1/ptm/b/n/10 Rec-om-mended for MA/SMA

[51]
[52]
[53]
[54]
[55]
[56]
[57]
[58]
[59]
[60]
[61]
Overfull \hbox (24.99828pt too wide) in paragraph at lines 3497--3501
[]\T1/ptm/m/n/10 (optional) de-scrip-tion of in-no-va-tion dis-tri-bu-tion: []\
T1/zi4/m/n/10 list(type = "gamma",

[62]
Overfull \hbox (1.25746pt too wide) in paragraph at lines 3561--3564
[]\T1/ptm/m/n/10 Function(theta) re-turn-ing the Ja-co-bian ma-trix (n x p). J_
ij = d(y_hat_i)/d(theta_j)

[63]
[64]
[65]
[66]
[67]
[68]
[69]
[70]
[71]
Overfull \hbox (11.00684pt too wide) in paragraph at lines 4087--4090
[]\T1/ptm/m/n/10 This class stores the re-sults of fit-ting a Sea-sonal Au-tore
-gres-sive In-te-grated Mov-ing Av-er-age (SARIMA)

Overfull \hbox (96.5328pt too wide) detected at line 4094
\OT1/cmr/m/n/10 (1 \OMS/cmsy/m/n/10 ^^@ \OML/cmm/m/it/10 ^^^[]B \OMS/cmsy/m/n/1
0 ^^@ [] ^^@ \OML/cmm/m/it/10 ^^^[]B[]\OT1/cmr/m/n/10 )(1 \OMS/cmsy/m/n/10 ^^@ 
\OT1/cmr/m/n/10 ^^H[]\OML/cmm/m/it/10 B[] \OMS/cmsy/m/n/10 ^^@ [] ^^@ \OT1/cmr/
m/n/10 ^^H[]\OML/cmm/m/it/10 B[]\OT1/cmr/m/n/10 )(1 \OMS/cmsy/m/n/10 ^^@ \OML/c
mm/m/it/10 B\OT1/cmr/m/n/10 )[](1 \OMS/cmsy/m/n/10 ^^@ \OML/cmm/m/it/10 B[]\OT1
/cmr/m/n/10 )[]\OML/cmm/m/it/10 y[] \OT1/cmr/m/n/10 = (1 + \OML/cmm/m/it/10 ^^R
[]B \OT1/cmr/m/n/10 + [] + \OML/cmm/m/it/10 ^^R[]B[]\OT1/cmr/m/n/10 )(1 + ^^B[]
\OML/cmm/m/it/10 B[] \OT1/cmr/m/n/10 + [] + ^^B[]\OML/cmm/m/it/10 B[]\OT1/cmr/m
/n/10 )\OML/cmm/m/it/10 ^^O[]:

[72]
Overfull \hbox (3.87686pt too wide) in paragraph at lines 4148--4150
[]\T1/ptm/m/n/10 Fits a Sea-sonal Au-tore-gres-sive In-te-grated Mov-ing Av-er-
age (SARIMA) model with both non-seasonal

[73]
Overfull \hbox (36.14757pt too wide) in paragraph at lines 4199--4203
[]\T1/ptm/m/n/10 Character string spec-i-fy-ing PMM2 im-ple-men-ta-tion vari-an
t. Op-tions: []\T1/zi4/m/n/10 "unified_global"

Overfull \hbox (96.5328pt too wide) detected at line 4226
\OT1/cmr/m/n/10 (1 \OMS/cmsy/m/n/10 ^^@ \OML/cmm/m/it/10 ^^^[]B \OMS/cmsy/m/n/1
0 ^^@ [] ^^@ \OML/cmm/m/it/10 ^^^[]B[]\OT1/cmr/m/n/10 )(1 \OMS/cmsy/m/n/10 ^^@ 
\OT1/cmr/m/n/10 ^^H[]\OML/cmm/m/it/10 B[] \OMS/cmsy/m/n/10 ^^@ [] ^^@ \OT1/cmr/
m/n/10 ^^H[]\OML/cmm/m/it/10 B[]\OT1/cmr/m/n/10 )(1 \OMS/cmsy/m/n/10 ^^@ \OML/c
mm/m/it/10 B\OT1/cmr/m/n/10 )[](1 \OMS/cmsy/m/n/10 ^^@ \OML/cmm/m/it/10 B[]\OT1
/cmr/m/n/10 )[]\OML/cmm/m/it/10 y[] \OT1/cmr/m/n/10 = (1 + \OML/cmm/m/it/10 ^^R
[]B \OT1/cmr/m/n/10 + [] + \OML/cmm/m/it/10 ^^R[]B[]\OT1/cmr/m/n/10 )(1 + ^^B[]
\OML/cmm/m/it/10 B[] \OT1/cmr/m/n/10 + [] + ^^B[]\OML/cmm/m/it/10 B[]\OT1/cmr/m
/n/10 )\OML/cmm/m/it/10 ^^O[]:

[74]
[75]
[76]
[77]
[78]
Overfull \hbox (36.14757pt too wide) in paragraph at lines 4580--4584
[]\T1/ptm/m/n/10 Character string spec-i-fy-ing PMM2 im-ple-men-ta-tion vari-an
t. Op-tions: []\T1/zi4/m/n/10 "unified_global"

Overfull \hbox (17.29851pt too wide) in paragraph at lines 4580--4584
[]\T1/ptm/m/n/10 (de-fault, one-step cor-rec-tion from MLE/CSS), []\T1/zi4/m/n/
10 "unified_iterative" []\T1/ptm/m/n/10 (full Newton-

[79]
[80]
[81]
[82]
Overfull \hbox (5.13644pt too wide) in paragraph at lines 4818--4821
[]\T1/ptm/m/n/10 Fits a Sea-sonal Mov-ing Av-er-age (SMA) model us-ing the Poly
-no-mial Max-i-miza-tion Method (PMM2).

[83]
Overfull \hbox (36.14757pt too wide) in paragraph at lines 4852--4856
[]\T1/ptm/m/n/10 Character string spec-i-fy-ing PMM2 im-ple-men-ta-tion vari-an
t. Op-tions: []\T1/zi4/m/n/10 "unified_global"

[84]
[85]
[86]
[87]
[88]
[89]
[90]
[91]
[92]
[93]
[94]
[95]
Overfull \hbox (6.82504pt too wide) in paragraph at lines 5577--5578
[]\T1/ptm/m/n/10 Obtains ini-tial es-ti-mates via clas-si-cal meth-ods (OLS/YW 
for AR, CSS for MA/ARMA/ARIMA) 

[96]
[97]
No file Rd2.ind.

[98] (./Rd2.aux)

Package rerunfilecheck Warning: File `Rd2.out' has changed.
(rerunfilecheck)                Rerun to get outlines right
(rerunfilecheck)                or use package `bookmark'.

 )
(see the transcript file for additional information)</usr/local/texlive/2025/te
xmf-dist/fonts/type1/public/inconsolata/Inconsolata-zi4r.pfb></usr/local/texliv
e/2025/texmf-dist/fonts/type1/public/amsfonts/cm/cmex10.pfb></usr/local/texlive
/2025/texmf-dist/fonts/type1/public/amsfonts/cm/cmmi10.pfb></usr/local/texlive/
2025/texmf-dist/fonts/type1/public/amsfonts/cm/cmmi7.pfb></usr/local/texlive/20
25/texmf-dist/fonts/type1/public/amsfonts/cm/cmr10.pfb></usr/local/texlive/2025
/texmf-dist/fonts/type1/public/amsfonts/cm/cmr7.pfb></usr/local/texlive/2025/te
xmf-dist/fonts/type1/public/amsfonts/cm/cmsy10.pfb></usr/local/texlive/2025/tex
mf-dist/fonts/type1/public/amsfonts/cm/cmsy7.pfb></usr/local/texlive/2025/texmf
-dist/fonts/type1/urw/times/utmb8a.pfb></usr/local/texlive/2025/texmf-dist/font
s/type1/urw/times/utmr8a.pfb></usr/local/texlive/2025/texmf-dist/fonts/type1/ur
w/times/utmr8a.pfb></usr/local/texlive/2025/texmf-dist/fonts/type1/urw/times/ut
mri8a.pfb>
Output written on Rd2.pdf (98 pages, 309093 bytes).
Transcript written on Rd2.log.
This is makeindex, version 2.17 [TeX Live 2025] (kpathsea + Thai support).
Scanning input file Rd2.idx....done (246 entries accepted, 0 rejected).
Sorting entries.....done (2047 comparisons).
Generating output file Rd2.ind....done (283 lines written, 2 warnings).
Output written in Rd2.ind.
Transcript written in Rd2.ilg.
This is pdfTeX, Version 3.141592653-2.6-1.40.27 (TeX Live 2025) (preloaded format=pdflatex)
 restricted \write18 enabled.
entering extended mode
(./Rd2.tex
LaTeX2e <2024-11-01> patch level 2
L3 programming layer <2025-01-18>

(/usr/local/texlive/2025/texmf-dist/tex/latex/base/book.cls
Document Class: book 2024/06/29 v1.4n Standard LaTeX document class
(/usr/local/texlive/2025/texmf-dist/tex/latex/base/bk10.clo))
(/opt/homebrew/Cellar/r/4.5.2_1/lib/R/share/texmf/tex/latex/Rd.sty
(/usr/local/texlive/2025/texmf-dist/tex/latex/base/ifthen.sty)
(/usr/local/texlive/2025/texmf-dist/tex/generic/iftex/iftex.sty)
(/usr/local/texlive/2025/texmf-dist/tex/latex/tools/longtable.sty)
(/usr/local/texlive/2025/texmf-dist/tex/latex/tools/bm.sty)
(/usr/local/texlive/2025/texmf-dist/tex/latex/base/alltt.sty)
(/usr/local/texlive/2025/texmf-dist/tex/latex/tools/verbatim.sty)
(/usr/local/texlive/2025/texmf-dist/tex/latex/url/url.sty)
(/usr/local/texlive/2025/texmf-dist/tex/latex/base/textcomp.sty)
(/usr/local/texlive/2025/texmf-dist/tex/latex/amsmath/amsmath.sty
For additional information on amsmath, use the `?' option.
(/usr/local/texlive/2025/texmf-dist/tex/latex/amsmath/amstext.sty
(/usr/local/texlive/2025/texmf-dist/tex/latex/amsmath/amsgen.sty))
(/usr/local/texlive/2025/texmf-dist/tex/latex/amsmath/amsbsy.sty)
(/usr/local/texlive/2025/texmf-dist/tex/latex/amsmath/amsopn.sty))
(/usr/local/texlive/2025/texmf-dist/tex/latex/amsfonts/amsfonts.sty)
(/usr/local/texlive/2025/texmf-dist/tex/latex/amsfonts/amssymb.sty)
(/usr/local/texlive/2025/texmf-dist/tex/latex/jknapltx/mathrsfs.sty)
(/usr/local/texlive/2025/texmf-dist/tex/latex/base/fontenc.sty)
(/usr/local/texlive/2025/texmf-dist/tex/latex/psnfss/times.sty)
(/usr/local/texlive/2025/texmf-dist/tex/latex/inconsolata/zi4.sty
`inconsolata-zi4' v1.12, 2019/05/17 Text macros for Inconsolata (msharpe)
(/usr/local/texlive/2025/texmf-dist/tex/latex/xkeyval/xkeyval.sty
(/usr/local/texlive/2025/texmf-dist/tex/generic/xkeyval/xkeyval.tex
(/usr/local/texlive/2025/texmf-dist/tex/generic/xkeyval/xkvutils.tex
(/usr/local/texlive/2025/texmf-dist/tex/generic/xkeyval/keyval.tex)))))
(/usr/local/texlive/2025/texmf-dist/tex/latex/graphics/color.sty
(/usr/local/texlive/2025/texmf-dist/tex/latex/graphics-cfg/color.cfg)
(/usr/local/texlive/2025/texmf-dist/tex/latex/graphics-def/pdftex.def)
(/usr/local/texlive/2025/texmf-dist/tex/latex/graphics/mathcolor.ltx))
(/usr/local/texlive/2025/texmf-dist/tex/latex/hyperref/hyperref.sty
(/usr/local/texlive/2025/texmf-dist/tex/latex/kvsetkeys/kvsetkeys.sty)
(/usr/local/texlive/2025/texmf-dist/tex/generic/kvdefinekeys/kvdefinekeys.sty)
(/usr/local/texlive/2025/texmf-dist/tex/generic/pdfescape/pdfescape.sty
(/usr/local/texlive/2025/texmf-dist/tex/generic/ltxcmds/ltxcmds.sty)
(/usr/local/texlive/2025/texmf-dist/tex/generic/pdftexcmds/pdftexcmds.sty
(/usr/local/texlive/2025/texmf-dist/tex/generic/infwarerr/infwarerr.sty)))
(/usr/local/texlive/2025/texmf-dist/tex/latex/hycolor/hycolor.sty)
(/usr/local/texlive/2025/texmf-dist/tex/latex/hyperref/nameref.sty
(/usr/local/texlive/2025/texmf-dist/tex/latex/refcount/refcount.sty)
(/usr/local/texlive/2025/texmf-dist/tex/generic/gettitlestring/gettitlestring.s
ty (/usr/local/texlive/2025/texmf-dist/tex/latex/kvoptions/kvoptions.sty)))
(/usr/local/texlive/2025/texmf-dist/tex/latex/etoolbox/etoolbox.sty)
(/usr/local/texlive/2025/texmf-dist/tex/generic/stringenc/stringenc.sty)
(/usr/local/texlive/2025/texmf-dist/tex/latex/hyperref/pd1enc.def)
(/usr/local/texlive/2025/texmf-dist/tex/generic/intcalc/intcalc.sty)
(/usr/local/texlive/2025/texmf-dist/tex/latex/hyperref/puenc.def)
(/usr/local/texlive/2025/texmf-dist/tex/generic/bitset/bitset.sty
(/usr/local/texlive/2025/texmf-dist/tex/generic/bigintcalc/bigintcalc.sty))
(/usr/local/texlive/2025/texmf-dist/tex/latex/base/atbegshi-ltx.sty))
(/usr/local/texlive/2025/texmf-dist/tex/latex/hyperref/hpdftex.def
(/usr/local/texlive/2025/texmf-dist/tex/latex/base/atveryend-ltx.sty)
(/usr/local/texlive/2025/texmf-dist/tex/latex/rerunfilecheck/rerunfilecheck.sty

(/usr/local/texlive/2025/texmf-dist/tex/generic/uniquecounter/uniquecounter.sty
)))) (/usr/local/texlive/2025/texmf-dist/tex/latex/base/makeidx.sty)
Writing index file Rd2.idx
(/usr/local/texlive/2025/texmf-dist/tex/latex/psnfss/t1ptm.fd)
(/usr/local/texlive/2025/texmf-dist/tex/latex/l3backend/l3backend-pdftex.def)
(./Rd2.aux)
(/usr/local/texlive/2025/texmf-dist/tex/context/base/mkii/supp-pdf.mkii
[Loading MPS to PDF converter (version 2006.09.02).]
) (./Rd2.out) (./Rd2.out)
(/usr/local/texlive/2025/texmf-dist/tex/latex/psnfss/ts1ptm.fd)
(/usr/local/texlive/2025/texmf-dist/tex/latex/inconsolata/t1zi4.fd)
(/usr/local/texlive/2025/texmf-dist/tex/latex/amsfonts/umsa.fd)
(/usr/local/texlive/2025/texmf-dist/tex/latex/amsfonts/umsb.fd)
(/usr/local/texlive/2025/texmf-dist/tex/latex/jknapltx/ursfs.fd) (./Rd2.toc
[1{/usr/local/texlive/2025/texmf-var/fonts/map/pdftex/updmap/pdftex.map}{/usr/l
ocal/texlive/2025/texmf-dist/fonts/enc/dvips/base/8r.enc}{/usr/local/texlive/20
25/texmf-dist/fonts/enc/dvips/inconsolata/i4-t1-0.enc}]
[2]
[3])
[4]
[5]
[6]
[7]
[8]
[9]
[10] (/usr/local/texlive/2025/texmf-dist/tex/latex/inconsolata/ts1zi4.fd)
[11{/usr/local/texlive/2025/texmf-dist/fonts/enc/dvips/inconsolata/i4-ts1.enc}]

[12]
Overfull \hbox (36.14757pt too wide) in paragraph at lines 560--564
[]\T1/ptm/m/n/10 Character string spec-i-fy-ing PMM2 im-ple-men-ta-tion vari-an
t. Op-tions: []\T1/zi4/m/n/10 "unified_global"

[13]
[14]
[15]
[16]
Overfull \hbox (36.14757pt too wide) in paragraph at lines 770--774
[]\T1/ptm/m/n/10 Character string spec-i-fy-ing PMM2 im-ple-men-ta-tion vari-an
t. Op-tions: []\T1/zi4/m/n/10 "unified_global"

[17]
[18]
[19]
Overfull \hbox (36.14757pt too wide) in paragraph at lines 968--972
[]\T1/ptm/m/n/10 Character string spec-i-fy-ing PMM2 im-ple-men-ta-tion vari-an
t. Op-tions: []\T1/zi4/m/n/10 "unified_global"

[20]
[21]
[22]
[23]
[24]
[25]
[26]
[27]
[28]
[29]
[30]
[31]
[32]
[33]
[34]
[35]
Overfull \hbox (26.23781pt too wide) detected at line 1865
\OML/cmm/m/it/10 y[] \OT1/cmr/m/n/10 = \OML/cmm/m/it/10 ^^^[]y[] \OT1/cmr/m/n/1
0 + [] + \OML/cmm/m/it/10 ^^^[]y[] \OT1/cmr/m/n/10 + ^^H[]\OML/cmm/m/it/10 y[] 
\OT1/cmr/m/n/10 + [] + ^^H[]\OML/cmm/m/it/10 y[] \OT1/cmr/m/n/10 + \OML/cmm/m/i
t/10 ^^R[]^^O[] \OT1/cmr/m/n/10 + [] + \OML/cmm/m/it/10 ^^R[]^^O[] \OT1/cmr/m/n
/10 + ^^B[]\OML/cmm/m/it/10 ^^O[] \OT1/cmr/m/n/10 + [] + ^^B[]\OML/cmm/m/it/10 
^^O[] \OT1/cmr/m/n/10 + \OML/cmm/m/it/10 ^^O[]:

[36]
[37]
[38]
Overfull \hbox (4.46683pt too wide) in paragraph at lines 2074--2078
\T1/ptm/m/n/10 Method for Es-ti-ma-tion Pa-ram-e-ters of Au-tore-gres-sive Mod-
els with Asym-met-ric In-no-va-tions. Springer

[39]
[40]
[41]
[42]
[43]
[44]
[45]
[46]
[47]
[48]
[49]
[50]
[51]
[52]
Overfull \hbox (36.14757pt too wide) in paragraph at lines 2806--2810
[]\T1/ptm/m/n/10 Character string spec-i-fy-ing PMM2 im-ple-men-ta-tion vari-an
t. Op-tions: []\T1/zi4/m/n/10 "unified_global"

Overfull \hbox (2.12851pt too wide) in paragraph at lines 2837--2840
[]\T1/zi4/m/n/10 "linearized"[]\T1/ptm/m/n/10 : Uses first-order Tay-lor ex-pan
-sion around MLE. \T1/ptm/b/n/10 Rec-om-mended for MA/SMA

[53]
[54]
[55]
[56]
[57]
[58]
[59]
[60]
[61]
[62]
[63]
Overfull \hbox (24.99828pt too wide) in paragraph at lines 3497--3501
[]\T1/ptm/m/n/10 (optional) de-scrip-tion of in-no-va-tion dis-tri-bu-tion: []\
T1/zi4/m/n/10 list(type = "gamma",

[64]
Overfull \hbox (1.25746pt too wide) in paragraph at lines 3561--3564
[]\T1/ptm/m/n/10 Function(theta) re-turn-ing the Ja-co-bian ma-trix (n x p). J_
ij = d(y_hat_i)/d(theta_j)

[65]
[66]
[67]
[68]
[69]
[70]
[71]
[72]
[73]
Overfull \hbox (11.00684pt too wide) in paragraph at lines 4087--4090
[]\T1/ptm/m/n/10 This class stores the re-sults of fit-ting a Sea-sonal Au-tore
-gres-sive In-te-grated Mov-ing Av-er-age (SARIMA)

Overfull \hbox (96.5328pt too wide) detected at line 4094
\OT1/cmr/m/n/10 (1 \OMS/cmsy/m/n/10 ^^@ \OML/cmm/m/it/10 ^^^[]B \OMS/cmsy/m/n/1
0 ^^@ [] ^^@ \OML/cmm/m/it/10 ^^^[]B[]\OT1/cmr/m/n/10 )(1 \OMS/cmsy/m/n/10 ^^@ 
\OT1/cmr/m/n/10 ^^H[]\OML/cmm/m/it/10 B[] \OMS/cmsy/m/n/10 ^^@ [] ^^@ \OT1/cmr/
m/n/10 ^^H[]\OML/cmm/m/it/10 B[]\OT1/cmr/m/n/10 )(1 \OMS/cmsy/m/n/10 ^^@ \OML/c
mm/m/it/10 B\OT1/cmr/m/n/10 )[](1 \OMS/cmsy/m/n/10 ^^@ \OML/cmm/m/it/10 B[]\OT1
/cmr/m/n/10 )[]\OML/cmm/m/it/10 y[] \OT1/cmr/m/n/10 = (1 + \OML/cmm/m/it/10 ^^R
[]B \OT1/cmr/m/n/10 + [] + \OML/cmm/m/it/10 ^^R[]B[]\OT1/cmr/m/n/10 )(1 + ^^B[]
\OML/cmm/m/it/10 B[] \OT1/cmr/m/n/10 + [] + ^^B[]\OML/cmm/m/it/10 B[]\OT1/cmr/m
/n/10 )\OML/cmm/m/it/10 ^^O[]:

[74]
Overfull \hbox (3.87686pt too wide) in paragraph at lines 4148--4150
[]\T1/ptm/m/n/10 Fits a Sea-sonal Au-tore-gres-sive In-te-grated Mov-ing Av-er-
age (SARIMA) model with both non-seasonal

[75]
Overfull \hbox (36.14757pt too wide) in paragraph at lines 4199--4203
[]\T1/ptm/m/n/10 Character string spec-i-fy-ing PMM2 im-ple-men-ta-tion vari-an
t. Op-tions: []\T1/zi4/m/n/10 "unified_global"

Overfull \hbox (96.5328pt too wide) detected at line 4226
\OT1/cmr/m/n/10 (1 \OMS/cmsy/m/n/10 ^^@ \OML/cmm/m/it/10 ^^^[]B \OMS/cmsy/m/n/1
0 ^^@ [] ^^@ \OML/cmm/m/it/10 ^^^[]B[]\OT1/cmr/m/n/10 )(1 \OMS/cmsy/m/n/10 ^^@ 
\OT1/cmr/m/n/10 ^^H[]\OML/cmm/m/it/10 B[] \OMS/cmsy/m/n/10 ^^@ [] ^^@ \OT1/cmr/
m/n/10 ^^H[]\OML/cmm/m/it/10 B[]\OT1/cmr/m/n/10 )(1 \OMS/cmsy/m/n/10 ^^@ \OML/c
mm/m/it/10 B\OT1/cmr/m/n/10 )[](1 \OMS/cmsy/m/n/10 ^^@ \OML/cmm/m/it/10 B[]\OT1
/cmr/m/n/10 )[]\OML/cmm/m/it/10 y[] \OT1/cmr/m/n/10 = (1 + \OML/cmm/m/it/10 ^^R
[]B \OT1/cmr/m/n/10 + [] + \OML/cmm/m/it/10 ^^R[]B[]\OT1/cmr/m/n/10 )(1 + ^^B[]
\OML/cmm/m/it/10 B[] \OT1/cmr/m/n/10 + [] + ^^B[]\OML/cmm/m/it/10 B[]\OT1/cmr/m
/n/10 )\OML/cmm/m/it/10 ^^O[]:

[76]
[77]
[78]
[79]
[80]
Overfull \hbox (36.14757pt too wide) in paragraph at lines 4580--4584
[]\T1/ptm/m/n/10 Character string spec-i-fy-ing PMM2 im-ple-men-ta-tion vari-an
t. Op-tions: []\T1/zi4/m/n/10 "unified_global"

Overfull \hbox (17.29851pt too wide) in paragraph at lines 4580--4584
[]\T1/ptm/m/n/10 (de-fault, one-step cor-rec-tion from MLE/CSS), []\T1/zi4/m/n/
10 "unified_iterative" []\T1/ptm/m/n/10 (full Newton-

[81]
[82]
[83]
[84]
Overfull \hbox (5.13644pt too wide) in paragraph at lines 4818--4821
[]\T1/ptm/m/n/10 Fits a Sea-sonal Mov-ing Av-er-age (SMA) model us-ing the Poly
-no-mial Max-i-miza-tion Method (PMM2).

[85]
Overfull \hbox (36.14757pt too wide) in paragraph at lines 4852--4856
[]\T1/ptm/m/n/10 Character string spec-i-fy-ing PMM2 im-ple-men-ta-tion vari-an
t. Op-tions: []\T1/zi4/m/n/10 "unified_global"

[86]
[87]
[88]
[89]
[90]
[91]
[92]
[93]
[94]
[95]
[96]
[97]
Overfull \hbox (6.82504pt too wide) in paragraph at lines 5577--5578
[]\T1/ptm/m/n/10 Obtains ini-tial es-ti-mates via clas-si-cal meth-ods (OLS/YW 
for AR, CSS for MA/ARMA/ARIMA) 

[98]
[99] (./Rd2.ind
[100]

[101]

LaTeX Font Warning: Font shape `T1/zi4/m/it' undefined
(Font)              using `T1/zi4/m/n' instead on input line 133.



[102]) (./Rd2.aux)

LaTeX Font Warning: Some font shapes were not available, defaults substituted.


Package rerunfilecheck Warning: File `Rd2.out' has changed.
(rerunfilecheck)                Rerun to get outlines right
(rerunfilecheck)                or use package `bookmark'.

 )
(see the transcript file for additional information)</usr/local/texlive/2025/te
xmf-dist/fonts/type1/public/inconsolata/Inconsolata-zi4r.pfb></usr/local/texliv
e/2025/texmf-dist/fonts/type1/public/amsfonts/cm/cmex10.pfb></usr/local/texlive
/2025/texmf-dist/fonts/type1/public/amsfonts/cm/cmmi10.pfb></usr/local/texlive/
2025/texmf-dist/fonts/type1/public/amsfonts/cm/cmmi7.pfb></usr/local/texlive/20
25/texmf-dist/fonts/type1/public/amsfonts/cm/cmr10.pfb></usr/local/texlive/2025
/texmf-dist/fonts/type1/public/amsfonts/cm/cmr7.pfb></usr/local/texlive/2025/te
xmf-dist/fonts/type1/public/amsfonts/cm/cmsy10.pfb></usr/local/texlive/2025/tex
mf-dist/fonts/type1/public/amsfonts/cm/cmsy7.pfb></usr/local/texlive/2025/texmf
-dist/fonts/type1/urw/times/utmb8a.pfb></usr/local/texlive/2025/texmf-dist/font
s/type1/urw/times/utmr8a.pfb></usr/local/texlive/2025/texmf-dist/fonts/type1/ur
w/times/utmr8a.pfb></usr/local/texlive/2025/texmf-dist/fonts/type1/urw/times/ut
mri8a.pfb>
Output written on Rd2.pdf (102 pages, 334744 bytes).
Transcript written on Rd2.log.
This is makeindex, version 2.17 [TeX Live 2025] (kpathsea + Thai support).
Scanning input file Rd2.idx....done (246 entries accepted, 0 rejected).
Sorting entries.....done (2047 comparisons).
Generating output file Rd2.ind....done (283 lines written, 2 warnings).
Output written in Rd2.ind.
Transcript written in Rd2.ilg.
This is pdfTeX, Version 3.141592653-2.6-1.40.27 (TeX Live 2025) (preloaded format=pdflatex)
 restricted \write18 enabled.
entering extended mode
(./Rd2.tex
LaTeX2e <2024-11-01> patch level 2
L3 programming layer <2025-01-18>

(/usr/local/texlive/2025/texmf-dist/tex/latex/base/book.cls
Document Class: book 2024/06/29 v1.4n Standard LaTeX document class
(/usr/local/texlive/2025/texmf-dist/tex/latex/base/bk10.clo))
(/opt/homebrew/Cellar/r/4.5.2_1/lib/R/share/texmf/tex/latex/Rd.sty
(/usr/local/texlive/2025/texmf-dist/tex/latex/base/ifthen.sty)
(/usr/local/texlive/2025/texmf-dist/tex/generic/iftex/iftex.sty)
(/usr/local/texlive/2025/texmf-dist/tex/latex/tools/longtable.sty)
(/usr/local/texlive/2025/texmf-dist/tex/latex/tools/bm.sty)
(/usr/local/texlive/2025/texmf-dist/tex/latex/base/alltt.sty)
(/usr/local/texlive/2025/texmf-dist/tex/latex/tools/verbatim.sty)
(/usr/local/texlive/2025/texmf-dist/tex/latex/url/url.sty)
(/usr/local/texlive/2025/texmf-dist/tex/latex/base/textcomp.sty)
(/usr/local/texlive/2025/texmf-dist/tex/latex/amsmath/amsmath.sty
For additional information on amsmath, use the `?' option.
(/usr/local/texlive/2025/texmf-dist/tex/latex/amsmath/amstext.sty
(/usr/local/texlive/2025/texmf-dist/tex/latex/amsmath/amsgen.sty))
(/usr/local/texlive/2025/texmf-dist/tex/latex/amsmath/amsbsy.sty)
(/usr/local/texlive/2025/texmf-dist/tex/latex/amsmath/amsopn.sty))
(/usr/local/texlive/2025/texmf-dist/tex/latex/amsfonts/amsfonts.sty)
(/usr/local/texlive/2025/texmf-dist/tex/latex/amsfonts/amssymb.sty)
(/usr/local/texlive/2025/texmf-dist/tex/latex/jknapltx/mathrsfs.sty)
(/usr/local/texlive/2025/texmf-dist/tex/latex/base/fontenc.sty)
(/usr/local/texlive/2025/texmf-dist/tex/latex/psnfss/times.sty)
(/usr/local/texlive/2025/texmf-dist/tex/latex/inconsolata/zi4.sty
`inconsolata-zi4' v1.12, 2019/05/17 Text macros for Inconsolata (msharpe)
(/usr/local/texlive/2025/texmf-dist/tex/latex/xkeyval/xkeyval.sty
(/usr/local/texlive/2025/texmf-dist/tex/generic/xkeyval/xkeyval.tex
(/usr/local/texlive/2025/texmf-dist/tex/generic/xkeyval/xkvutils.tex
(/usr/local/texlive/2025/texmf-dist/tex/generic/xkeyval/keyval.tex)))))
(/usr/local/texlive/2025/texmf-dist/tex/latex/graphics/color.sty
(/usr/local/texlive/2025/texmf-dist/tex/latex/graphics-cfg/color.cfg)
(/usr/local/texlive/2025/texmf-dist/tex/latex/graphics-def/pdftex.def)
(/usr/local/texlive/2025/texmf-dist/tex/latex/graphics/mathcolor.ltx))
(/usr/local/texlive/2025/texmf-dist/tex/latex/hyperref/hyperref.sty
(/usr/local/texlive/2025/texmf-dist/tex/latex/kvsetkeys/kvsetkeys.sty)
(/usr/local/texlive/2025/texmf-dist/tex/generic/kvdefinekeys/kvdefinekeys.sty)
(/usr/local/texlive/2025/texmf-dist/tex/generic/pdfescape/pdfescape.sty
(/usr/local/texlive/2025/texmf-dist/tex/generic/ltxcmds/ltxcmds.sty)
(/usr/local/texlive/2025/texmf-dist/tex/generic/pdftexcmds/pdftexcmds.sty
(/usr/local/texlive/2025/texmf-dist/tex/generic/infwarerr/infwarerr.sty)))
(/usr/local/texlive/2025/texmf-dist/tex/latex/hycolor/hycolor.sty)
(/usr/local/texlive/2025/texmf-dist/tex/latex/hyperref/nameref.sty
(/usr/local/texlive/2025/texmf-dist/tex/latex/refcount/refcount.sty)
(/usr/local/texlive/2025/texmf-dist/tex/generic/gettitlestring/gettitlestring.s
ty (/usr/local/texlive/2025/texmf-dist/tex/latex/kvoptions/kvoptions.sty)))
(/usr/local/texlive/2025/texmf-dist/tex/latex/etoolbox/etoolbox.sty)
(/usr/local/texlive/2025/texmf-dist/tex/generic/stringenc/stringenc.sty)
(/usr/local/texlive/2025/texmf-dist/tex/latex/hyperref/pd1enc.def)
(/usr/local/texlive/2025/texmf-dist/tex/generic/intcalc/intcalc.sty)
(/usr/local/texlive/2025/texmf-dist/tex/latex/hyperref/puenc.def)
(/usr/local/texlive/2025/texmf-dist/tex/generic/bitset/bitset.sty
(/usr/local/texlive/2025/texmf-dist/tex/generic/bigintcalc/bigintcalc.sty))
(/usr/local/texlive/2025/texmf-dist/tex/latex/base/atbegshi-ltx.sty))
(/usr/local/texlive/2025/texmf-dist/tex/latex/hyperref/hpdftex.def
(/usr/local/texlive/2025/texmf-dist/tex/latex/base/atveryend-ltx.sty)
(/usr/local/texlive/2025/texmf-dist/tex/latex/rerunfilecheck/rerunfilecheck.sty

(/usr/local/texlive/2025/texmf-dist/tex/generic/uniquecounter/uniquecounter.sty
)))) (/usr/local/texlive/2025/texmf-dist/tex/latex/base/makeidx.sty)
Writing index file Rd2.idx
(/usr/local/texlive/2025/texmf-dist/tex/latex/psnfss/t1ptm.fd)
(/usr/local/texlive/2025/texmf-dist/tex/latex/l3backend/l3backend-pdftex.def)
(./Rd2.aux)
(/usr/local/texlive/2025/texmf-dist/tex/context/base/mkii/supp-pdf.mkii
[Loading MPS to PDF converter (version 2006.09.02).]
) (./Rd2.out) (./Rd2.out)
(/usr/local/texlive/2025/texmf-dist/tex/latex/psnfss/ts1ptm.fd)
(/usr/local/texlive/2025/texmf-dist/tex/latex/inconsolata/t1zi4.fd)
(/usr/local/texlive/2025/texmf-dist/tex/latex/amsfonts/umsa.fd)
(/usr/local/texlive/2025/texmf-dist/tex/latex/amsfonts/umsb.fd)
(/usr/local/texlive/2025/texmf-dist/tex/latex/jknapltx/ursfs.fd) (./Rd2.toc
[1{/usr/local/texlive/2025/texmf-var/fonts/map/pdftex/updmap/pdftex.map}{/usr/l
ocal/texlive/2025/texmf-dist/fonts/enc/dvips/base/8r.enc}{/usr/local/texlive/20
25/texmf-dist/fonts/enc/dvips/inconsolata/i4-t1-0.enc}]
[2]
[3])
[4]
[5]
[6]
[7]
[8]
[9]
[10] (/usr/local/texlive/2025/texmf-dist/tex/latex/inconsolata/ts1zi4.fd)
[11{/usr/local/texlive/2025/texmf-dist/fonts/enc/dvips/inconsolata/i4-ts1.enc}]

[12]
Overfull \hbox (36.14757pt too wide) in paragraph at lines 560--564
[]\T1/ptm/m/n/10 Character string spec-i-fy-ing PMM2 im-ple-men-ta-tion vari-an
t. Op-tions: []\T1/zi4/m/n/10 "unified_global"

[13]
[14]
[15]
[16]
Overfull \hbox (36.14757pt too wide) in paragraph at lines 770--774
[]\T1/ptm/m/n/10 Character string spec-i-fy-ing PMM2 im-ple-men-ta-tion vari-an
t. Op-tions: []\T1/zi4/m/n/10 "unified_global"

[17]
[18]
[19]
Overfull \hbox (36.14757pt too wide) in paragraph at lines 968--972
[]\T1/ptm/m/n/10 Character string spec-i-fy-ing PMM2 im-ple-men-ta-tion vari-an
t. Op-tions: []\T1/zi4/m/n/10 "unified_global"

[20]
[21]
[22]
[23]
[24]
[25]
[26]
[27]
[28]
[29]
[30]
[31]
[32]
[33]
[34]
[35]
Overfull \hbox (26.23781pt too wide) detected at line 1865
\OML/cmm/m/it/10 y[] \OT1/cmr/m/n/10 = \OML/cmm/m/it/10 ^^^[]y[] \OT1/cmr/m/n/1
0 + [] + \OML/cmm/m/it/10 ^^^[]y[] \OT1/cmr/m/n/10 + ^^H[]\OML/cmm/m/it/10 y[] 
\OT1/cmr/m/n/10 + [] + ^^H[]\OML/cmm/m/it/10 y[] \OT1/cmr/m/n/10 + \OML/cmm/m/i
t/10 ^^R[]^^O[] \OT1/cmr/m/n/10 + [] + \OML/cmm/m/it/10 ^^R[]^^O[] \OT1/cmr/m/n
/10 + ^^B[]\OML/cmm/m/it/10 ^^O[] \OT1/cmr/m/n/10 + [] + ^^B[]\OML/cmm/m/it/10 
^^O[] \OT1/cmr/m/n/10 + \OML/cmm/m/it/10 ^^O[]:

[36]
[37]
[38]
Overfull \hbox (4.46683pt too wide) in paragraph at lines 2074--2078
\T1/ptm/m/n/10 Method for Es-ti-ma-tion Pa-ram-e-ters of Au-tore-gres-sive Mod-
els with Asym-met-ric In-no-va-tions. Springer

[39]
[40]
[41]
[42]
[43]
[44]
[45]
[46]
[47]
[48]
[49]
[50]
[51]
[52]
Overfull \hbox (36.14757pt too wide) in paragraph at lines 2806--2810
[]\T1/ptm/m/n/10 Character string spec-i-fy-ing PMM2 im-ple-men-ta-tion vari-an
t. Op-tions: []\T1/zi4/m/n/10 "unified_global"

Overfull \hbox (2.12851pt too wide) in paragraph at lines 2837--2840
[]\T1/zi4/m/n/10 "linearized"[]\T1/ptm/m/n/10 : Uses first-order Tay-lor ex-pan
-sion around MLE. \T1/ptm/b/n/10 Rec-om-mended for MA/SMA

[53]
[54]
[55]
[56]
[57]
[58]
[59]
[60]
[61]
[62]
[63]
Overfull \hbox (24.99828pt too wide) in paragraph at lines 3497--3501
[]\T1/ptm/m/n/10 (optional) de-scrip-tion of in-no-va-tion dis-tri-bu-tion: []\
T1/zi4/m/n/10 list(type = "gamma",

[64]
Overfull \hbox (1.25746pt too wide) in paragraph at lines 3561--3564
[]\T1/ptm/m/n/10 Function(theta) re-turn-ing the Ja-co-bian ma-trix (n x p). J_
ij = d(y_hat_i)/d(theta_j)

[65]
[66]
[67]
[68]
[69]
[70]
[71]
[72]
[73]
Overfull \hbox (11.00684pt too wide) in paragraph at lines 4087--4090
[]\T1/ptm/m/n/10 This class stores the re-sults of fit-ting a Sea-sonal Au-tore
-gres-sive In-te-grated Mov-ing Av-er-age (SARIMA)

Overfull \hbox (96.5328pt too wide) detected at line 4094
\OT1/cmr/m/n/10 (1 \OMS/cmsy/m/n/10 ^^@ \OML/cmm/m/it/10 ^^^[]B \OMS/cmsy/m/n/1
0 ^^@ [] ^^@ \OML/cmm/m/it/10 ^^^[]B[]\OT1/cmr/m/n/10 )(1 \OMS/cmsy/m/n/10 ^^@ 
\OT1/cmr/m/n/10 ^^H[]\OML/cmm/m/it/10 B[] \OMS/cmsy/m/n/10 ^^@ [] ^^@ \OT1/cmr/
m/n/10 ^^H[]\OML/cmm/m/it/10 B[]\OT1/cmr/m/n/10 )(1 \OMS/cmsy/m/n/10 ^^@ \OML/c
mm/m/it/10 B\OT1/cmr/m/n/10 )[](1 \OMS/cmsy/m/n/10 ^^@ \OML/cmm/m/it/10 B[]\OT1
/cmr/m/n/10 )[]\OML/cmm/m/it/10 y[] \OT1/cmr/m/n/10 = (1 + \OML/cmm/m/it/10 ^^R
[]B \OT1/cmr/m/n/10 + [] + \OML/cmm/m/it/10 ^^R[]B[]\OT1/cmr/m/n/10 )(1 + ^^B[]
\OML/cmm/m/it/10 B[] \OT1/cmr/m/n/10 + [] + ^^B[]\OML/cmm/m/it/10 B[]\OT1/cmr/m
/n/10 )\OML/cmm/m/it/10 ^^O[]:

[74]
Overfull \hbox (3.87686pt too wide) in paragraph at lines 4148--4150
[]\T1/ptm/m/n/10 Fits a Sea-sonal Au-tore-gres-sive In-te-grated Mov-ing Av-er-
age (SARIMA) model with both non-seasonal

[75]
Overfull \hbox (36.14757pt too wide) in paragraph at lines 4199--4203
[]\T1/ptm/m/n/10 Character string spec-i-fy-ing PMM2 im-ple-men-ta-tion vari-an
t. Op-tions: []\T1/zi4/m/n/10 "unified_global"

Overfull \hbox (96.5328pt too wide) detected at line 4226
\OT1/cmr/m/n/10 (1 \OMS/cmsy/m/n/10 ^^@ \OML/cmm/m/it/10 ^^^[]B \OMS/cmsy/m/n/1
0 ^^@ [] ^^@ \OML/cmm/m/it/10 ^^^[]B[]\OT1/cmr/m/n/10 )(1 \OMS/cmsy/m/n/10 ^^@ 
\OT1/cmr/m/n/10 ^^H[]\OML/cmm/m/it/10 B[] \OMS/cmsy/m/n/10 ^^@ [] ^^@ \OT1/cmr/
m/n/10 ^^H[]\OML/cmm/m/it/10 B[]\OT1/cmr/m/n/10 )(1 \OMS/cmsy/m/n/10 ^^@ \OML/c
mm/m/it/10 B\OT1/cmr/m/n/10 )[](1 \OMS/cmsy/m/n/10 ^^@ \OML/cmm/m/it/10 B[]\OT1
/cmr/m/n/10 )[]\OML/cmm/m/it/10 y[] \OT1/cmr/m/n/10 = (1 + \OML/cmm/m/it/10 ^^R
[]B \OT1/cmr/m/n/10 + [] + \OML/cmm/m/it/10 ^^R[]B[]\OT1/cmr/m/n/10 )(1 + ^^B[]
\OML/cmm/m/it/10 B[] \OT1/cmr/m/n/10 + [] + ^^B[]\OML/cmm/m/it/10 B[]\OT1/cmr/m
/n/10 )\OML/cmm/m/it/10 ^^O[]:

[76]
[77]
[78]
[79]
[80]
Overfull \hbox (36.14757pt too wide) in paragraph at lines 4580--4584
[]\T1/ptm/m/n/10 Character string spec-i-fy-ing PMM2 im-ple-men-ta-tion vari-an
t. Op-tions: []\T1/zi4/m/n/10 "unified_global"

Overfull \hbox (17.29851pt too wide) in paragraph at lines 4580--4584
[]\T1/ptm/m/n/10 (de-fault, one-step cor-rec-tion from MLE/CSS), []\T1/zi4/m/n/
10 "unified_iterative" []\T1/ptm/m/n/10 (full Newton-

[81]
[82]
[83]
[84]
Overfull \hbox (5.13644pt too wide) in paragraph at lines 4818--4821
[]\T1/ptm/m/n/10 Fits a Sea-sonal Mov-ing Av-er-age (SMA) model us-ing the Poly
-no-mial Max-i-miza-tion Method (PMM2).

[85]
Overfull \hbox (36.14757pt too wide) in paragraph at lines 4852--4856
[]\T1/ptm/m/n/10 Character string spec-i-fy-ing PMM2 im-ple-men-ta-tion vari-an
t. Op-tions: []\T1/zi4/m/n/10 "unified_global"

[86]
[87]
[88]
[89]
[90]
[91]
[92]
[93]
[94]
[95]
[96]
[97]
Overfull \hbox (6.82504pt too wide) in paragraph at lines 5577--5578
[]\T1/ptm/m/n/10 Obtains ini-tial es-ti-mates via clas-si-cal meth-ods (OLS/YW 
for AR, CSS for MA/ARMA/ARIMA) 

[98]
[99] (./Rd2.ind
[100]

[101]

LaTeX Font Warning: Font shape `T1/zi4/m/it' undefined
(Font)              using `T1/zi4/m/n' instead on input line 133.



[102]) (./Rd2.aux)

LaTeX Font Warning: Some font shapes were not available, defaults substituted.

 )
(see the transcript file for additional information)</usr/local/texlive/2025/te
xmf-dist/fonts/type1/public/inconsolata/Inconsolata-zi4r.pfb></usr/local/texliv
e/2025/texmf-dist/fonts/type1/public/amsfonts/cm/cmex10.pfb></usr/local/texlive
/2025/texmf-dist/fonts/type1/public/amsfonts/cm/cmmi10.pfb></usr/local/texlive/
2025/texmf-dist/fonts/type1/public/amsfonts/cm/cmmi7.pfb></usr/local/texlive/20
25/texmf-dist/fonts/type1/public/amsfonts/cm/cmr10.pfb></usr/local/texlive/2025
/texmf-dist/fonts/type1/public/amsfonts/cm/cmr7.pfb></usr/local/texlive/2025/te
xmf-dist/fonts/type1/public/amsfonts/cm/cmsy10.pfb></usr/local/texlive/2025/tex
mf-dist/fonts/type1/public/amsfonts/cm/cmsy7.pfb></usr/local/texlive/2025/texmf
-dist/fonts/type1/urw/times/utmb8a.pfb></usr/local/texlive/2025/texmf-dist/font
s/type1/urw/times/utmr8a.pfb></usr/local/texlive/2025/texmf-dist/fonts/type1/ur
w/times/utmr8a.pfb></usr/local/texlive/2025/texmf-dist/fonts/type1/urw/times/ut
mri8a.pfb>
Output written on Rd2.pdf (102 pages, 334950 bytes).
Transcript written on Rd2.log.
Saving output to ‘EstemPMM-manual.pdf’ ...
Done
You may want to clean up by 'rm -Rf /var/folders/0s/qqf1r0f11gd0r6zkbswkqgn40000gn/T//RtmpoWNH2X/Rd2pdf157622e9d025'
